#
# A fatal error has been detected by the Java Runtime Environment:
#
#  EXCEPTION_ACCESS_VIOLATION (0xc0000005) at pc=0x10009ec4, pid=3308, tid=4668
#
# JRE version: 7.0_15-b03
# Java VM: Java HotSpot(TM) Client VM (23.7-b01 mixed mode, sharing windows-x86 )
# Problematic frame:
# C  [rxtxSerial.dll+0x9ec4]  Java_gnu_io_RXTXPort_nativeSetEndOfInputChar+0x404
#
# Failed to write core dump. Minidumps are not enabled by default on client versions of Windows
#
# If you would like to submit a bug report, please visit:
#   http://bugreport.sun.com/bugreport/crash.jsp
# The crash happened outside the Java Virtual Machine in native code.
# See problematic frame for where to report the bug.
#

---------------  T H R E A D  ---------------

Current thread (0x02f2dc00):  JavaThread "Thread-3" [_thread_in_native, id=4668, stack(0x030f0000,0x03140000)]

siginfo: ExceptionCode=0xc0000005, writing address 0x0407f8e0

Registers:
EAX=0x0407f8d8, EBX=0x6e96bef0, ECX=0x7c802413, EDX=0x00000000
ESP=0x0313f5c0, EBP=0x0313f7a8, ESI=0x32b32fc8, EDI=0x02f2dc00
EIP=0x10009ec4, EFLAGS=0x00010202

Top of Stack: (sp=0x0313f5c0)
0x0313f5c0:   6e96bef0 000000fc 375c22e8 6e916caa
0x0313f5d0:   00000001 0313f70c 00000000 00000001
0x0313f5e0:   0000000d 6ea003a4 00000019 0407f8d8
0x0313f5f0:   00000015 00000000 00000001 00000001
0x0313f600:   02ade008 6ea007db 6ea00786 02f2dc00
0x0313f610:   6ea007db 6ea007db 6e8e9a8b 00a21927
0x0313f620:   22b61bb8 38103888 0313f7bc 00000001
0x0313f630:   22b61bb8 0313f754 0313f670 009932c7 

Instructions: (pc=0x10009ec4)
0x10009ea4:   e8 03 00 00 e8 e3 73 ff ff 83 c4 10 e9 cb fd ff
0x10009eb4:   ff 8d 76 00 8b 85 44 fe ff ff 8b 95 4c fe ff ff
0x10009ec4:   89 50 08 8b 55 f4 89 d0 eb 02 89 f6 8b 9d 18 fe
0x10009ed4:   ff ff c9 c3 54 69 6d 65 6f 75 74 54 68 72 65 73 


Register to memory mapping:

EAX=0x0407f8d8 is an unknown value
EBX=0x6e96bef0 is an unknown value
ECX=0x7c802413 is an unknown value
EDX=0x00000000 is an unknown value
ESP=0x0313f5c0 is pointing into the stack for thread: 0x02f2dc00
EBP=0x0313f7a8 is pointing into the stack for thread: 0x02f2dc00
ESI=0x32b32fc8 is an oop
{constMethod} 
 - klass: {other class}
 - method:       0x32b32fd0 {method} 'readArray' '([BII)I' in 'gnu/io/RXTXPort'
 - exceptions:   0x36b00048
EDI=0x02f2dc00 is a thread


Stack: [0x030f0000,0x03140000],  sp=0x0313f5c0,  free space=317k
Native frames: (J=compiled Java code, j=interpreted, Vv=VM code, C=native code)
C  [rxtxSerial.dll+0x9ec4]  Java_gnu_io_RXTXPort_nativeSetEndOfInputChar+0x404
C  [rxtxSerial.dll+0xa20b]  Java_gnu_io_RXTXPort_readArray+0xc3
j  gnu.io.RXTXPort.readArray([BII)I+0
j  gnu.io.RXTXPort$SerialInputStream.read([BII)I+187
j  gnu.io.RXTXPort$SerialInputStream.read([B)I+38
j  my.chargingcontroller.SerialReader.run()V+58
j  java.lang.Thread.run()V+11
v  ~StubRoutines::call_stub
V  [jvm.dll+0x12a34a]
V  [jvm.dll+0x1d968e]
V  [jvm.dll+0x12a533]
V  [jvm.dll+0x12a597]
V  [jvm.dll+0xd306f]
V  [jvm.dll+0x14a647]
V  [jvm.dll+0x14a7b0]
V  [jvm.dll+0x17ee89]
C  [msvcr100.dll+0x5c6de]  endthreadex+0x3a
C  [msvcr100.dll+0x5c788]  endthreadex+0xe4
C  [kernel32.dll+0xb729]  GetModuleFileNameA+0x1ba

Java frames: (J=compiled Java code, j=interpreted, Vv=VM code)
j  gnu.io.RXTXPort.readArray([BII)I+0
j  gnu.io.RXTXPort$SerialInputStream.read([BII)I+187
j  gnu.io.RXTXPort$SerialInputStream.read([B)I+38
j  my.chargingcontroller.SerialReader.run()V+58
j  java.lang.Thread.run()V+11
v  ~StubRoutines::call_stub

---------------  P R O C E S S  ---------------

Java Threads: ( => current thread )
  0x02ffbc00 JavaThread "D3D Screen Updater" daemon [_thread_blocked, id=5076, stack(0x033a0000,0x033f0000)]
  0x003ea400 JavaThread "DestroyJavaVM" [_thread_blocked, id=2092, stack(0x00910000,0x00960000)]
  0x02ff1c00 JavaThread "Thread-15" [_thread_blocked, id=1096, stack(0x03350000,0x033a0000)]
  0x02ff0c00 JavaThread "Thread-14" [_thread_blocked, id=1656, stack(0x03300000,0x03350000)]
  0x02f99400 JavaThread "AWT-EventQueue-0" [_thread_blocked, id=4352, stack(0x032b0000,0x03300000)]
  0x02f45c00 JavaThread "AWT-Windows" daemon [_thread_in_native, id=1756, stack(0x031e0000,0x03230000)]
  0x02f44400 JavaThread "AWT-Shutdown" [_thread_blocked, id=5252, stack(0x03190000,0x031e0000)]
  0x02f32800 JavaThread "Java2D Disposer" daemon [_thread_blocked, id=4276, stack(0x03140000,0x03190000)]
=>0x02f2dc00 JavaThread "Thread-3" [_thread_in_native, id=4668, stack(0x030f0000,0x03140000)]
  0x02ac0800 JavaThread "Service Thread" daemon [_thread_blocked, id=2724, stack(0x02e50000,0x02ea0000)]
  0x02abac00 JavaThread "C1 CompilerThread0" daemon [_thread_blocked, id=4344, stack(0x02e00000,0x02e50000)]
  0x02ab9400 JavaThread "Attach Listener" daemon [_thread_blocked, id=4476, stack(0x02db0000,0x02e00000)]
  0x02ab4000 JavaThread "Signal Dispatcher" daemon [_thread_blocked, id=760, stack(0x02d60000,0x02db0000)]
  0x02aa6400 JavaThread "Finalizer" daemon [_thread_blocked, id=3852, stack(0x02d10000,0x02d60000)]
  0x02aa1800 JavaThread "Reference Handler" daemon [_thread_blocked, id=1564, stack(0x02cc0000,0x02d10000)]

Other Threads:
  0x02a9fc00 VMThread [stack: 0x02c70000,0x02cc0000] [id=4616]
  0x02ad3800 WatcherThread [stack: 0x02ea0000,0x02ef0000] [id=5988]

VM state:not at safepoint (normal execution)

VM Mutex/Monitor currently owned by a thread: None

Heap
 def new generation   total 4928K, used 2046K [0x22b00000, 0x23050000, 0x28050000)
  eden space 4416K,  34% used [0x22b00000, 0x22c7f9d0, 0x22f50000)
  from space 512K, 100% used [0x22fd0000, 0x23050000, 0x23050000)
  to   space 512K,   0% used [0x22f50000, 0x22f50000, 0x22fd0000)
 tenured generation   total 10944K, used 809K [0x28050000, 0x28b00000, 0x32b00000)
   the space 10944K,   7% used [0x28050000, 0x2811a660, 0x2811a800, 0x28b00000)
 compacting perm gen  total 12288K, used 1273K [0x32b00000, 0x33700000, 0x36b00000)
   the space 12288K,  10% used [0x32b00000, 0x32c3e438, 0x32c3e600, 0x33700000)
    ro space 10240K,  45% used [0x36b00000, 0x36f87290, 0x36f87400, 0x37500000)
    rw space 12288K,  54% used [0x37500000, 0x37b8ace8, 0x37b8ae00, 0x38100000)

Card table byte_map: [0x02b10000,0x02bc0000] byte_map_base: 0x029fa800

Polling page: 0x00960000

Code Cache  [0x00990000, 0x00a78000, 0x02990000)
 total_blobs=469 nmethods=245 adapters=159 free_code_cache=31843Kb largest_free_block=32608064

Compilation events (10 events):
Event: 1.178 Thread 0x02abac00  240             java.util.ArrayList$Itr::<init> (26 bytes)
Event: 1.179 Thread 0x02abac00 nmethod 240 0x00a76248 code [0x00a76340, 0x00a763e0]
Event: 1.179 Thread 0x02abac00  241   !         javax.swing.UIManager::maybeInitialize (36 bytes)
Event: 1.179 Thread 0x02abac00 nmethod 241 0x00a76448 code [0x00a76570, 0x00a767b4]
Event: 1.185 Thread 0x02abac00  242             java.util.concurrent.locks.AbstractQueuedSynchronizer::getState (5 bytes)
Event: 1.185 Thread 0x02abac00 nmethod 242 0x00a76988 code [0x00a76a80, 0x00a76b00]
Event: 1.185 Thread 0x02abac00  243             java.util.Vector::elementData (7 bytes)
Event: 1.185 Thread 0x02abac00 nmethod 243 0x00a76b48 code [0x00a76c40, 0x00a76ce0]
Event: 1.189 Thread 0x02abac00  244  s          java.util.Vector::size (5 bytes)
Event: 1.189 Thread 0x02abac00 nmethod 244 0x00a76d88 code [0x00a76e80, 0x00a77040]

GC Heap History (2 events):
Event: 1.051 GC heap before
{Heap before GC invocations=0 (full 0):
 def new generation   total 4928K, used 4416K [0x22b00000, 0x23050000, 0x28050000)
  eden space 4416K, 100% used [0x22b00000, 0x22f50000, 0x22f50000)
  from space 512K,   0% used [0x22f50000, 0x22f50000, 0x22fd0000)
  to   space 512K,   0% used [0x22fd0000, 0x22fd0000, 0x23050000)
 tenured generation   total 10944K, used 0K [0x28050000, 0x28b00000, 0x32b00000)
   the space 10944K,   0% used [0x28050000, 0x28050000, 0x28050200, 0x28b00000)
 compacting perm gen  total 12288K, used 1124K [0x32b00000, 0x33700000, 0x36b00000)
   the space 12288K,   9% used [0x32b00000, 0x32c19260, 0x32c19400, 0x33700000)
    ro space 10240K,  45% used [0x36b00000, 0x36f87290, 0x36f87400, 0x37500000)
    rw space 12288K,  54% used [0x37500000, 0x37b8ace8, 0x37b8ae00, 0x38100000)
Event: 1.058 GC heap after
Heap after GC invocations=1 (full 0):
 def new generation   total 4928K, used 512K [0x22b00000, 0x23050000, 0x28050000)
  eden space 4416K,   0% used [0x22b00000, 0x22b00000, 0x22f50000)
  from space 512K, 100% used [0x22fd0000, 0x23050000, 0x23050000)
  to   space 512K,   0% used [0x22f50000, 0x22f50000, 0x22fd0000)
 tenured generation   total 10944K, used 809K [0x28050000, 0x28b00000, 0x32b00000)
   the space 10944K,   7% used [0x28050000, 0x2811a660, 0x2811a800, 0x28b00000)
 compacting perm gen  total 12288K, used 1124K [0x32b00000, 0x33700000, 0x36b00000)
   the space 12288K,   9% used [0x32b00000, 0x32c19260, 0x32c19400, 0x33700000)
    ro space 10240K,  45% used [0x36b00000, 0x36f87290, 0x36f87400, 0x37500000)
    rw space 12288K,  54% used [0x37500000, 0x37b8ace8, 0x37b8ae00, 0x38100000)
}

Deoptimization events (0 events):
No events

Internal exceptions (10 events):
Event: 0.639 Thread 0x003ea400 Threw 0x22d21eb0 at C:\jdk7u2_32P\jdk7u15\hotspot\src\share\vm\prims\jvm.cpp:1166
Event: 0.641 Thread 0x003ea400 Threw 0x22d24938 at C:\jdk7u2_32P\jdk7u15\hotspot\src\share\vm\prims\jvm.cpp:1166
Event: 0.641 Thread 0x003ea400 Threw 0x22d27708 at C:\jdk7u2_32P\jdk7u15\hotspot\src\share\vm\prims\jvm.cpp:1166
Event: 0.642 Thread 0x003ea400 Threw 0x22d2a138 at C:\jdk7u2_32P\jdk7u15\hotspot\src\share\vm\prims\jvm.cpp:1166
Event: 0.669 Thread 0x003ea400 Threw 0x22d8cf30 at C:\jdk7u2_32P\jdk7u15\hotspot\src\share\vm\prims\jvm.cpp:1166
Event: 0.669 Thread 0x003ea400 Threw 0x22d8d048 at C:\jdk7u2_32P\jdk7u15\hotspot\src\share\vm\prims\jvm.cpp:1166
Event: 0.669 Thread 0x003ea400 Threw 0x22d90a40 at C:\jdk7u2_32P\jdk7u15\hotspot\src\share\vm\prims\jvm.cpp:1166
Event: 0.669 Thread 0x003ea400 Threw 0x22d90b58 at C:\jdk7u2_32P\jdk7u15\hotspot\src\share\vm\prims\jvm.cpp:1166
Event: 0.725 Thread 0x02ff0c00 Threw 0x22de57c0 at C:\jdk7u2_32P\jdk7u15\hotspot\src\share\vm\prims\jni.cpp:716
Event: 0.869 Thread 0x02ff0c00 Threw 0x22e6b1d8 at C:\jdk7u2_32P\jdk7u15\hotspot\src\share\vm\prims\jni.cpp:716

Events (10 events):
Event: 1.174 loading class 0x0302a9c8
Event: 1.174 loading class 0x3816ead0
Event: 1.174 loading class 0x3816ead0 done
Event: 1.174 loading class 0x0302a9c8 done
Event: 1.191 loading class 0x38143280
Event: 1.191 loading class 0x38143280 done
Event: 4.052 Thread 0x0300c400 Thread exited: 0x0300c400
Event: 4.098 Executing VM operation: EnableBiasedLocking
Event: 4.098 Executing VM operation: EnableBiasedLocking done
Event: 10.048 Thread 0x03009000 Thread exited: 0x03009000


Dynamic libraries:
0x00400000 - 0x0042f000 	C:\Program Files\Java\jdk1.7.0_15\bin\java.exe
0x7c900000 - 0x7c9b2000 	C:\WINDOWS\system32\ntdll.dll
0x7c800000 - 0x7c8f6000 	C:\WINDOWS\system32\kernel32.dll
0x77dd0000 - 0x77e6b000 	C:\WINDOWS\system32\ADVAPI32.dll
0x77e70000 - 0x77f03000 	C:\WINDOWS\system32\RPCRT4.dll
0x77fe0000 - 0x77ff1000 	C:\WINDOWS\system32\Secur32.dll
0x7e410000 - 0x7e4a1000 	C:\WINDOWS\system32\USER32.dll
0x77f10000 - 0x77f59000 	C:\WINDOWS\system32\GDI32.dll
0x773d0000 - 0x774d3000 	C:\WINDOWS\WinSxS\x86_Microsoft.Windows.Common-Controls_6595b64144ccf1df_6.0.2600.6028_x-ww_61e65202\COMCTL32.dll
0x77c10000 - 0x77c68000 	C:\WINDOWS\system32\msvcrt.dll
0x77f60000 - 0x77fd6000 	C:\WINDOWS\system32\SHLWAPI.dll
0x76390000 - 0x763ad000 	C:\WINDOWS\system32\IMM32.DLL
0x629c0000 - 0x629c9000 	C:\WINDOWS\system32\LPK.DLL
0x74d90000 - 0x74dfb000 	C:\WINDOWS\system32\USP10.dll
0x78aa0000 - 0x78b5e000 	C:\Program Files\Java\jdk1.7.0_15\jre\bin\msvcr100.dll
0x6e8c0000 - 0x6ec0c000 	C:\Program Files\Java\jdk1.7.0_15\jre\bin\client\jvm.dll
0x71ad0000 - 0x71ad9000 	C:\WINDOWS\system32\WSOCK32.dll
0x71ab0000 - 0x71ac7000 	C:\WINDOWS\system32\WS2_32.dll
0x71aa0000 - 0x71aa8000 	C:\WINDOWS\system32\WS2HELP.dll
0x76b40000 - 0x76b6d000 	C:\WINDOWS\system32\WINMM.dll
0x76bf0000 - 0x76bfb000 	C:\WINDOWS\system32\PSAPI.DLL
0x6e810000 - 0x6e81c000 	C:\Program Files\Java\jdk1.7.0_15\jre\bin\verify.dll
0x6d590000 - 0x6d5b0000 	C:\Program Files\Java\jdk1.7.0_15\jre\bin\java.dll
0x6e8a0000 - 0x6e8b3000 	C:\Program Files\Java\jdk1.7.0_15\jre\bin\zip.dll
0x10000000 - 0x10012000 	C:\WINDOWS\system32\rxtxSerial.dll
0x73d90000 - 0x73db7000 	C:\WINDOWS\system32\crtdll.dll
0x6d110000 - 0x6d252000 	C:\Program Files\Java\jdk1.7.0_15\jre\bin\awt.dll
0x77120000 - 0x771ab000 	C:\WINDOWS\system32\OLEAUT32.dll
0x774e0000 - 0x7761e000 	C:\WINDOWS\system32\ole32.dll
0x74720000 - 0x7476c000 	C:\WINDOWS\system32\MSCTF.dll
0x755c0000 - 0x755ee000 	C:\WINDOWS\system32\msctfime.ime
0x4fdd0000 - 0x4ff76000 	C:\WINDOWS\system32\d3d9.dll
0x6d990000 - 0x6d996000 	C:\WINDOWS\system32\d3d8thk.dll
0x77c00000 - 0x77c08000 	C:\WINDOWS\system32\VERSION.dll
0x7c9c0000 - 0x7d1d7000 	C:\WINDOWS\system32\SHELL32.dll
0x6d380000 - 0x6d3aa000 	C:\Program Files\Java\jdk1.7.0_15\jre\bin\fontmanager.dll
0x6e5b0000 - 0x6e5c4000 	C:\Program Files\Java\jdk1.7.0_15\jre\bin\net.dll
0x6e5d0000 - 0x6e5de000 	C:\Program Files\Java\jdk1.7.0_15\jre\bin\nio.dll
0x6e7b0000 - 0x6e7e1000 	C:\Program Files\Java\jdk1.7.0_15\jre\bin\t2k.dll
0x605d0000 - 0x605d9000 	C:\WINDOWS\system32\mslbui.dll
0x6d290000 - 0x6d2b4000 	C:\Program Files\Java\jdk1.7.0_15\jre\bin\dcpr.dll
0x59a60000 - 0x59b01000 	C:\WINDOWS\system32\dbghelp.dll

VM Arguments:
jvm_args: -Dfile.encoding=UTF-8 
java_command: my.chargingcontroller.MainController
Launcher Type: SUN_STANDARD

Environment Variables:
CLASSPATH=.;C:\Program Files\eInstruction\CPS PowerPoint Add-in\;C:\LINGO11\Lingo11_0.jar;C:\Program Files\Java\jre7\lib\ext\QTJava.zip
PATH=C:\WINDOWS;C:\Perl\bin\;C:\MENTOR~1\Nutc\bin;C:\MENTOR~1\Nutc\bin\X11;C:\MENTOR~1\Nutc\mksnt;C:\WINDOWS\system32;C:\WINDOWS;C:\WINDOWS\system32\wbem;c:\program files\einstruction\cps powerpoint add-in\;c:\lingo11\;C:\Cadence\SPB_16.01\tools\PSpice;C:\Cadence\SPB_16.01\tools\PSpice\Library;C:\Cadence\SPB_16.01\tools\Capture;C:\Cadence\SPB_16.01\tools\bin;C:\Cadence\SPB_16.01\tools\pcb\bin;C:\Cadence\SPB_16.01\tools\specctra\bin;C:\Cadence\SPB_16.01\tools\libutil\bin;C:\Cadence\SPB_16.01\tools\fet\bin;C:\SYNAPT~1;C:\Program Files\Common Files\SYSTEM\MSMAPI\1033;C:\Program Files\IVI Foundation\IVI\bin;C:\Program Files\IVI Foundation\VISA\WinNT\Bin\;C:\PROGRA~1\IVIFOU~1\VISA\WinNT\Bin;C:\Program Files\IVI Foundation\VISA\WinNT\Bin;C:\Program Files\Microchip\MPLAB C32 Suite\bin;C:\Program Files\Common Files\Ulead Systems\MPEG;C:\VXIPNP\WINNT\BIN;C:\VXIPNP\WINNT\TekVISA\BIN;C:\Program Files\QuickTime\QTSystem\;C:\Program Files\MATLAB\R2012b\bin;C:\Documents and Settings\This PC\Local Settings\Application Data\Smartbar\Application\;c:\Program Files\Microsoft SQL Server\100\Tools\Binn\;c:\Program Files\Microsoft SQL Server\100\DTS\Binn\;C:\Program Files\Java\jdk1.7.0_15\bin; C:\Program Files\Java\jdk1.7.0_15\lib\objectdraw.jar; C:\Program Files\Java\jre7\bin;C:\Program Files\Java\jdk1.7.0_15\bin;C:\Program Files\Git\cmd;c:\mentorgraphics\2004\common\win32\bin;c:\mentorgraphics\2004\common\win32\lib;C:\MCC18\mpasm;C:\MCC18\bin;C:\Program Files\Microsoft Visual Studio\Common\Tools\WinNT;C:\Program Files\Microsoft Visual Studio\Common\MSDev98\Bin;C:\Program Files\Microsoft Visual Studio\Common\Tools;C:\Program Files\Microsoft Visual Studio\VC98\bin;C:\Program Files\Mentor Graphics\PADS\2005_1\Programs;C:\Wincupl\WINCUPL\EXE;C:\Wincupl\WINCUPL\FITTERS;C:\Modeltech_pe_edu_6.5b\win32pe_edu;C:\Modeltech_xe_starter\win32xoem;C:\Program Files\Jar2Exe Wizard\
USERNAME=This PC
SHELL=C:/MENTOR~1/Nutc/mksnt/sh.exe
DISPLAY=:0.0
OS=Windows_NT
PROCESSOR_IDENTIFIER=x86 Family 6 Model 26 Stepping 5, GenuineIntel



---------------  S Y S T E M  ---------------

OS: Windows XP Build 2600 Service Pack 3

CPU:total 2 (2 cores per cpu, 1 threads per core) family 6 model 26 stepping 5, cmov, cx8, fxsr, mmx, sse, sse2, sse3, ssse3, sse4.1, sse4.2, popcnt, tsc, tscinvbit, tscinv

Memory: 4k page, physical 3143184k(739820k free), swap 5072784k(2658052k free)

vm_info: Java HotSpot(TM) Client VM (23.7-b01) for windows-x86 JRE (1.7.0_15-b03), built on Feb 15 2013 14:01:25 by "java_re" with unknown MS VC++:1600

time: Thu Apr 11 16:28:57 2013
elapsed time: 10 seconds

